<?xml version="1.0" encoding="UTF-8"?>
<!-- Generated by org.testng.reporters.JUnitReportReporter -->
<testsuite hostname="IN-9ZJ9BK3" failures="0" tests="1" name="example.Main" time="20.697" errors="0" timestamp="2022-12-23T20:46:30 IST" skipped="0">
  <testcase classname="example.Main" name="amazon" time="20.697"/>
  <system-out/>
</testsuite> <!-- example.Main -->
